<?xml version="1.0" encoding="UTF-8"?>
<testsuite xmlns:xsi="http://www.w3.org/2001/XMLSchema-instance" xsi:noNamespaceSchemaLocation="https://maven.apache.org/surefire/maven-surefire-plugin/xsd/surefire-test-report.xsd" name="testtasks.LoginValidTest" time="83.33" tests="8" errors="0" skipped="0" failures="0">
  <properties>
    <property name="sun.desktop" value="windows"/>
    <property name="awt.toolkit" value="sun.awt.windows.WToolkit"/>
    <property name="java.specification.version" value="11"/>
    <property name="sun.cpu.isalist" value="amd64"/>
    <property name="sun.jnu.encoding" value="Cp1251"/>
    <property name="java.class.path" value="C:\Users\User1\Documents\GitHub\Diplom_3\target\test-classes;C:\Users\User1\Documents\GitHub\Diplom_3\target\classes;C:\Users\User1\.m2\repository\com\codeborne\selenide\5.23.2\selenide-5.23.2.jar;C:\Users\User1\.m2\repository\org\seleniumhq\selenium\selenium-java\3.141.59\selenium-java-3.141.59.jar;C:\Users\User1\.m2\repository\org\seleniumhq\selenium\selenium-api\3.141.59\selenium-api-3.141.59.jar;C:\Users\User1\.m2\repository\org\seleniumhq\selenium\selenium-chrome-driver\3.141.59\selenium-chrome-driver-3.141.59.jar;C:\Users\User1\.m2\repository\org\seleniumhq\selenium\selenium-edge-driver\3.141.59\selenium-edge-driver-3.141.59.jar;C:\Users\User1\.m2\repository\org\seleniumhq\selenium\selenium-firefox-driver\3.141.59\selenium-firefox-driver-3.141.59.jar;C:\Users\User1\.m2\repository\org\seleniumhq\selenium\selenium-ie-driver\3.141.59\selenium-ie-driver-3.141.59.jar;C:\Users\User1\.m2\repository\org\seleniumhq\selenium\selenium-opera-driver\3.141.59\selenium-opera-driver-3.141.59.jar;C:\Users\User1\.m2\repository\org\seleniumhq\selenium\selenium-remote-driver\3.141.59\selenium-remote-driver-3.141.59.jar;C:\Users\User1\.m2\repository\org\seleniumhq\selenium\selenium-safari-driver\3.141.59\selenium-safari-driver-3.141.59.jar;C:\Users\User1\.m2\repository\org\seleniumhq\selenium\selenium-support\3.141.59\selenium-support-3.141.59.jar;C:\Users\User1\.m2\repository\net\bytebuddy\byte-buddy\1.8.15\byte-buddy-1.8.15.jar;C:\Users\User1\.m2\repository\org\apache\commons\commons-exec\1.3\commons-exec-1.3.jar;C:\Users\User1\.m2\repository\com\squareup\okhttp3\okhttp\3.11.0\okhttp-3.11.0.jar;C:\Users\User1\.m2\repository\com\squareup\okio\okio\1.14.0\okio-1.14.0.jar;C:\Users\User1\.m2\repository\io\github\bonigarcia\webdrivermanager\4.4.3\webdrivermanager-4.4.3.jar;C:\Users\User1\.m2\repository\commons-io\commons-io\2.8.0\commons-io-2.8.0.jar;C:\Users\User1\.m2\repository\com\google\code\gson\gson\2.8.6\gson-2.8.6.jar;C:\Users\User1\.m2\repository\org\apache\commons\commons-lang3\3.12.0\commons-lang3-3.12.0.jar;C:\Users\User1\.m2\repository\org\jsoup\jsoup\1.13.1\jsoup-1.13.1.jar;C:\Users\User1\.m2\repository\org\rauschig\jarchivelib\1.1.0\jarchivelib-1.1.0.jar;C:\Users\User1\.m2\repository\org\apache\commons\commons-compress\1.20\commons-compress-1.20.jar;C:\Users\User1\.m2\repository\org\apache\httpcomponents\client5\httpclient5\5.1\httpclient5-5.1.jar;C:\Users\User1\.m2\repository\org\apache\httpcomponents\core5\httpcore5\5.1.1\httpcore5-5.1.1.jar;C:\Users\User1\.m2\repository\org\apache\httpcomponents\core5\httpcore5-h2\5.1.1\httpcore5-h2-5.1.1.jar;C:\Users\User1\.m2\repository\commons-codec\commons-codec\1.15\commons-codec-1.15.jar;C:\Users\User1\.m2\repository\com\google\guava\guava\30.1.1-jre\guava-30.1.1-jre.jar;C:\Users\User1\.m2\repository\com\google\guava\failureaccess\1.0.1\failureaccess-1.0.1.jar;C:\Users\User1\.m2\repository\com\google\guava\listenablefuture\9999.0-empty-to-avoid-conflict-with-guava\listenablefuture-9999.0-empty-to-avoid-conflict-with-guava.jar;C:\Users\User1\.m2\repository\com\google\code\findbugs\jsr305\3.0.2\jsr305-3.0.2.jar;C:\Users\User1\.m2\repository\org\checkerframework\checker-qual\3.8.0\checker-qual-3.8.0.jar;C:\Users\User1\.m2\repository\com\google\errorprone\error_prone_annotations\2.5.1\error_prone_annotations-2.5.1.jar;C:\Users\User1\.m2\repository\com\google\j2objc\j2objc-annotations\1.3\j2objc-annotations-1.3.jar;C:\Users\User1\.m2\repository\org\slf4j\slf4j-api\1.7.32\slf4j-api-1.7.32.jar;C:\Users\User1\.m2\repository\org\projectlombok\lombok\1.18.20\lombok-1.18.20.jar;C:\Users\User1\.m2\repository\io\rest-assured\rest-assured\4.5.0\rest-assured-4.5.0.jar;C:\Users\User1\.m2\repository\org\codehaus\groovy\groovy\3.0.9\groovy-3.0.9.jar;C:\Users\User1\.m2\repository\org\codehaus\groovy\groovy-xml\3.0.9\groovy-xml-3.0.9.jar;C:\Users\User1\.m2\repository\org\apache\httpcomponents\httpclient\4.5.13\httpclient-4.5.13.jar;C:\Users\User1\.m2\repository\org\apache\httpcomponents\httpcore\4.4.13\httpcore-4.4.13.jar;C:\Users\User1\.m2\repository\commons-logging\commons-logging\1.2\commons-logging-1.2.jar;C:\Users\User1\.m2\repository\org\apache\httpcomponents\httpmime\4.5.13\httpmime-4.5.13.jar;C:\Users\User1\.m2\repository\org\hamcrest\hamcrest\2.1\hamcrest-2.1.jar;C:\Users\User1\.m2\repository\org\ccil\cowan\tagsoup\tagsoup\1.2.1\tagsoup-1.2.1.jar;C:\Users\User1\.m2\repository\io\rest-assured\json-path\4.5.0\json-path-4.5.0.jar;C:\Users\User1\.m2\repository\org\codehaus\groovy\groovy-json\3.0.9\groovy-json-3.0.9.jar;C:\Users\User1\.m2\repository\io\rest-assured\rest-assured-common\4.5.0\rest-assured-common-4.5.0.jar;C:\Users\User1\.m2\repository\io\rest-assured\xml-path\4.5.0\xml-path-4.5.0.jar;C:\Users\User1\.m2\repository\junit\junit\4.13.2\junit-4.13.2.jar;C:\Users\User1\.m2\repository\org\hamcrest\hamcrest-core\1.3\hamcrest-core-1.3.jar;C:\Users\User1\.m2\repository\io\qameta\allure\allure-junit4\2.15.0\allure-junit4-2.15.0.jar;C:\Users\User1\.m2\repository\io\qameta\allure\allure-java-commons\2.15.0\allure-java-commons-2.15.0.jar;C:\Users\User1\.m2\repository\io\qameta\allure\allure-model\2.15.0\allure-model-2.15.0.jar;C:\Users\User1\.m2\repository\io\qameta\allure\allure-rest-assured\2.15.0\allure-rest-assured-2.15.0.jar;C:\Users\User1\.m2\repository\io\qameta\allure\allure-attachments\2.15.0\allure-attachments-2.15.0.jar;C:\Users\User1\.m2\repository\org\freemarker\freemarker\2.3.31\freemarker-2.3.31.jar;C:\Users\User1\.m2\repository\com\fasterxml\jackson\core\jackson-databind\2.13.3\jackson-databind-2.13.3.jar;C:\Users\User1\.m2\repository\com\fasterxml\jackson\core\jackson-annotations\2.13.3\jackson-annotations-2.13.3.jar;C:\Users\User1\.m2\repository\com\fasterxml\jackson\core\jackson-core\2.13.3\jackson-core-2.13.3.jar;C:\Users\User1\.m2\repository\org\jetbrains\annotations\23.0.0\annotations-23.0.0.jar;"/>
    <property name="java.vm.vendor" value="Amazon.com Inc."/>
    <property name="sun.arch.data.model" value="64"/>
    <property name="user.variant" value=""/>
    <property name="java.vendor.url" value="https://aws.amazon.com/corretto/"/>
    <property name="user.timezone" value="Europe/Moscow"/>
    <property name="java.vm.specification.version" value="11"/>
    <property name="os.name" value="Windows 10"/>
    <property name="sun.java.launcher" value="SUN_STANDARD"/>
    <property name="user.country" value="RU"/>
    <property name="sun.boot.library.path" value="C:\Program Files\Amazon Corretto\jdk11.0.16_8\bin"/>
    <property name="sun.java.command" value="C:\Users\User1\AppData\Local\Temp\surefire15276698839877717657\surefirebooter4588266082346672677.jar C:\Users\User1\AppData\Local\Temp\surefire15276698839877717657 2022-08-05T10-12-39_789-jvmRun1 surefire9348655663598099534tmp surefire_0734269655910766120tmp"/>
    <property name="jdk.debug" value="release"/>
    <property name="surefire.test.class.path" value="C:\Users\User1\Documents\GitHub\Diplom_3\target\test-classes;C:\Users\User1\Documents\GitHub\Diplom_3\target\classes;C:\Users\User1\.m2\repository\com\codeborne\selenide\5.23.2\selenide-5.23.2.jar;C:\Users\User1\.m2\repository\org\seleniumhq\selenium\selenium-java\3.141.59\selenium-java-3.141.59.jar;C:\Users\User1\.m2\repository\org\seleniumhq\selenium\selenium-api\3.141.59\selenium-api-3.141.59.jar;C:\Users\User1\.m2\repository\org\seleniumhq\selenium\selenium-chrome-driver\3.141.59\selenium-chrome-driver-3.141.59.jar;C:\Users\User1\.m2\repository\org\seleniumhq\selenium\selenium-edge-driver\3.141.59\selenium-edge-driver-3.141.59.jar;C:\Users\User1\.m2\repository\org\seleniumhq\selenium\selenium-firefox-driver\3.141.59\selenium-firefox-driver-3.141.59.jar;C:\Users\User1\.m2\repository\org\seleniumhq\selenium\selenium-ie-driver\3.141.59\selenium-ie-driver-3.141.59.jar;C:\Users\User1\.m2\repository\org\seleniumhq\selenium\selenium-opera-driver\3.141.59\selenium-opera-driver-3.141.59.jar;C:\Users\User1\.m2\repository\org\seleniumhq\selenium\selenium-remote-driver\3.141.59\selenium-remote-driver-3.141.59.jar;C:\Users\User1\.m2\repository\org\seleniumhq\selenium\selenium-safari-driver\3.141.59\selenium-safari-driver-3.141.59.jar;C:\Users\User1\.m2\repository\org\seleniumhq\selenium\selenium-support\3.141.59\selenium-support-3.141.59.jar;C:\Users\User1\.m2\repository\net\bytebuddy\byte-buddy\1.8.15\byte-buddy-1.8.15.jar;C:\Users\User1\.m2\repository\org\apache\commons\commons-exec\1.3\commons-exec-1.3.jar;C:\Users\User1\.m2\repository\com\squareup\okhttp3\okhttp\3.11.0\okhttp-3.11.0.jar;C:\Users\User1\.m2\repository\com\squareup\okio\okio\1.14.0\okio-1.14.0.jar;C:\Users\User1\.m2\repository\io\github\bonigarcia\webdrivermanager\4.4.3\webdrivermanager-4.4.3.jar;C:\Users\User1\.m2\repository\commons-io\commons-io\2.8.0\commons-io-2.8.0.jar;C:\Users\User1\.m2\repository\com\google\code\gson\gson\2.8.6\gson-2.8.6.jar;C:\Users\User1\.m2\repository\org\apache\commons\commons-lang3\3.12.0\commons-lang3-3.12.0.jar;C:\Users\User1\.m2\repository\org\jsoup\jsoup\1.13.1\jsoup-1.13.1.jar;C:\Users\User1\.m2\repository\org\rauschig\jarchivelib\1.1.0\jarchivelib-1.1.0.jar;C:\Users\User1\.m2\repository\org\apache\commons\commons-compress\1.20\commons-compress-1.20.jar;C:\Users\User1\.m2\repository\org\apache\httpcomponents\client5\httpclient5\5.1\httpclient5-5.1.jar;C:\Users\User1\.m2\repository\org\apache\httpcomponents\core5\httpcore5\5.1.1\httpcore5-5.1.1.jar;C:\Users\User1\.m2\repository\org\apache\httpcomponents\core5\httpcore5-h2\5.1.1\httpcore5-h2-5.1.1.jar;C:\Users\User1\.m2\repository\commons-codec\commons-codec\1.15\commons-codec-1.15.jar;C:\Users\User1\.m2\repository\com\google\guava\guava\30.1.1-jre\guava-30.1.1-jre.jar;C:\Users\User1\.m2\repository\com\google\guava\failureaccess\1.0.1\failureaccess-1.0.1.jar;C:\Users\User1\.m2\repository\com\google\guava\listenablefuture\9999.0-empty-to-avoid-conflict-with-guava\listenablefuture-9999.0-empty-to-avoid-conflict-with-guava.jar;C:\Users\User1\.m2\repository\com\google\code\findbugs\jsr305\3.0.2\jsr305-3.0.2.jar;C:\Users\User1\.m2\repository\org\checkerframework\checker-qual\3.8.0\checker-qual-3.8.0.jar;C:\Users\User1\.m2\repository\com\google\errorprone\error_prone_annotations\2.5.1\error_prone_annotations-2.5.1.jar;C:\Users\User1\.m2\repository\com\google\j2objc\j2objc-annotations\1.3\j2objc-annotations-1.3.jar;C:\Users\User1\.m2\repository\org\slf4j\slf4j-api\1.7.32\slf4j-api-1.7.32.jar;C:\Users\User1\.m2\repository\org\projectlombok\lombok\1.18.20\lombok-1.18.20.jar;C:\Users\User1\.m2\repository\io\rest-assured\rest-assured\4.5.0\rest-assured-4.5.0.jar;C:\Users\User1\.m2\repository\org\codehaus\groovy\groovy\3.0.9\groovy-3.0.9.jar;C:\Users\User1\.m2\repository\org\codehaus\groovy\groovy-xml\3.0.9\groovy-xml-3.0.9.jar;C:\Users\User1\.m2\repository\org\apache\httpcomponents\httpclient\4.5.13\httpclient-4.5.13.jar;C:\Users\User1\.m2\repository\org\apache\httpcomponents\httpcore\4.4.13\httpcore-4.4.13.jar;C:\Users\User1\.m2\repository\commons-logging\commons-logging\1.2\commons-logging-1.2.jar;C:\Users\User1\.m2\repository\org\apache\httpcomponents\httpmime\4.5.13\httpmime-4.5.13.jar;C:\Users\User1\.m2\repository\org\hamcrest\hamcrest\2.1\hamcrest-2.1.jar;C:\Users\User1\.m2\repository\org\ccil\cowan\tagsoup\tagsoup\1.2.1\tagsoup-1.2.1.jar;C:\Users\User1\.m2\repository\io\rest-assured\json-path\4.5.0\json-path-4.5.0.jar;C:\Users\User1\.m2\repository\org\codehaus\groovy\groovy-json\3.0.9\groovy-json-3.0.9.jar;C:\Users\User1\.m2\repository\io\rest-assured\rest-assured-common\4.5.0\rest-assured-common-4.5.0.jar;C:\Users\User1\.m2\repository\io\rest-assured\xml-path\4.5.0\xml-path-4.5.0.jar;C:\Users\User1\.m2\repository\junit\junit\4.13.2\junit-4.13.2.jar;C:\Users\User1\.m2\repository\org\hamcrest\hamcrest-core\1.3\hamcrest-core-1.3.jar;C:\Users\User1\.m2\repository\io\qameta\allure\allure-junit4\2.15.0\allure-junit4-2.15.0.jar;C:\Users\User1\.m2\repository\io\qameta\allure\allure-java-commons\2.15.0\allure-java-commons-2.15.0.jar;C:\Users\User1\.m2\repository\io\qameta\allure\allure-model\2.15.0\allure-model-2.15.0.jar;C:\Users\User1\.m2\repository\io\qameta\allure\allure-rest-assured\2.15.0\allure-rest-assured-2.15.0.jar;C:\Users\User1\.m2\repository\io\qameta\allure\allure-attachments\2.15.0\allure-attachments-2.15.0.jar;C:\Users\User1\.m2\repository\org\freemarker\freemarker\2.3.31\freemarker-2.3.31.jar;C:\Users\User1\.m2\repository\com\fasterxml\jackson\core\jackson-databind\2.13.3\jackson-databind-2.13.3.jar;C:\Users\User1\.m2\repository\com\fasterxml\jackson\core\jackson-annotations\2.13.3\jackson-annotations-2.13.3.jar;C:\Users\User1\.m2\repository\com\fasterxml\jackson\core\jackson-core\2.13.3\jackson-core-2.13.3.jar;C:\Users\User1\.m2\repository\org\jetbrains\annotations\23.0.0\annotations-23.0.0.jar;"/>
    <property name="sun.cpu.endian" value="little"/>
    <property name="allure.results.directory" value="C:\Users\User1\Documents\GitHub\Diplom_3\target/allure-results"/>
    <property name="user.home" value="C:\Users\User1"/>
    <property name="user.language" value="ru"/>
    <property name="java.specification.vendor" value="Oracle Corporation"/>
    <property name="java.version.date" value="2022-07-19"/>
    <property name="java.home" value="C:\Program Files\Amazon Corretto\jdk11.0.16_8"/>
    <property name="file.separator" value="\"/>
    <property name="basedir" value="C:\Users\User1\Documents\GitHub\Diplom_3"/>
    <property name="java.vm.compressedOopsMode" value="32-bit"/>
    <property name="line.separator" value="&#10;"/>
    <property name="java.specification.name" value="Java Platform API Specification"/>
    <property name="java.vm.specification.vendor" value="Oracle Corporation"/>
    <property name="java.awt.graphicsenv" value="sun.awt.Win32GraphicsEnvironment"/>
    <property name="surefire.real.class.path" value="C:\Users\User1\AppData\Local\Temp\surefire15276698839877717657\surefirebooter4588266082346672677.jar"/>
    <property name="user.script" value=""/>
    <property name="sun.management.compiler" value="HotSpot 64-Bit Tiered Compilers"/>
    <property name="java.runtime.version" value="11.0.16+8-LTS"/>
    <property name="user.name" value="User1"/>
    <property name="path.separator" value=";"/>
    <property name="os.version" value="10.0"/>
    <property name="java.runtime.name" value="OpenJDK Runtime Environment"/>
    <property name="file.encoding" value="Cp1251"/>
    <property name="java.vm.name" value="OpenJDK 64-Bit Server VM"/>
    <property name="java.vendor.version" value="Corretto-11.0.16.8.1"/>
    <property name="localRepository" value="C:\Users\User1\.m2\repository"/>
    <property name="java.vendor.url.bug" value="https://github.com/corretto/corretto-11/issues/"/>
    <property name="java.io.tmpdir" value="C:\Users\User1\AppData\Local\Temp\"/>
    <property name="idea.version" value="2022.1.4"/>
    <property name="java.version" value="11.0.16"/>
    <property name="user.dir" value="C:\Users\User1\Documents\GitHub\Diplom_3"/>
    <property name="os.arch" value="amd64"/>
    <property name="java.vm.specification.name" value="Java Virtual Machine Specification"/>
    <property name="java.awt.printerjob" value="sun.awt.windows.WPrinterJob"/>
    <property name="sun.os.patch.level" value=""/>
    <property name="java.library.path" value="C:\Program Files\Amazon Corretto\jdk11.0.16_8\bin;C:\Windows\Sun\Java\bin;C:\Windows\system32;C:\Windows;C:\Program Files\Amazon Corretto\jdk11.0.16_8\bin;C:\Windows\system32;C:\Windows;C:\Windows\System32\Wbem;C:\Windows\System32\WindowsPowerShell\v1.0\;C:\Windows\System32\OpenSSH\;C:\Program Files\PuTTY\;C:\Program Files\Amazon Corretto\jdk11.0.16_8\bin;C:\cygwin64\apache-maven-3.8.6\bin;C:\cygwin64\WebDriver;C:\Program Files\Git\cmd;C:\cygwin64\allure-2.18.1\bin;C:\Users\User1\AppData\Local\Microsoft\WindowsApps;C:\cygwin64\apache-maven-3.8.6\bin;C:\Program Files\Amazon Corretto\jdk11.0.16_8\bin;C:\cygwin64\WebDriver;C:\Users\User1\AppData\Local\GitHubDesktop\bin;C:\cygwin64\allure-2.18.1\bin;;."/>
    <property name="java.vm.info" value="mixed mode"/>
    <property name="java.vendor" value="Amazon.com Inc."/>
    <property name="java.vm.version" value="11.0.16+8-LTS"/>
    <property name="sun.io.unicode.encoding" value="UnicodeLittle"/>
    <property name="java.class.version" value="55.0"/>
  </properties>
  <testcase name="loginFromForgotPasswordPageEnterLink[0]" classname="testtasks.LoginValidTest" time="17.561"/>
  <testcase name="loginFromRegistrationPageEnterLink[0]" classname="testtasks.LoginValidTest" time="9.504"/>
  <testcase name="loginFromHomePageEnterAccountButton[0]" classname="testtasks.LoginValidTest" time="8.354"/>
  <testcase name="loginFromHomePagePersonalAccountButton[0]" classname="testtasks.LoginValidTest" time="13.532"/>
  <testcase name="loginFromForgotPasswordPageEnterLink[1]" classname="testtasks.LoginValidTest" time="8.369"/>
  <testcase name="loginFromRegistrationPageEnterLink[1]" classname="testtasks.LoginValidTest" time="8.09"/>
  <testcase name="loginFromHomePageEnterAccountButton[1]" classname="testtasks.LoginValidTest" time="8.129"/>
  <testcase name="loginFromHomePagePersonalAccountButton[1]" classname="testtasks.LoginValidTest" time="9.782"/>
</testsuite>